[0m18:13:21.836181 [debug] [MainThread]: Sending event: {'category': 'dbt', 'action': 'invocation', 'label': 'start', 'context': [<snowplow_tracker.self_describing_json.SelfDescribingJson object at 0x000001A0B84136D0>, <snowplow_tracker.self_describing_json.SelfDescribingJson object at 0x000001A0B8421390>, <snowplow_tracker.self_describing_json.SelfDescribingJson object at 0x000001A0B8420F90>]}


============================== 18:13:21.843183 | 0611f5eb-fc65-46d5-852e-0fdaaea842f7 ==============================
[0m18:13:21.843183 [info ] [MainThread]: Running with dbt=1.8.9
[0m18:13:21.843183 [debug] [MainThread]: running dbt with arguments {'printer_width': '80', 'indirect_selection': 'eager', 'log_cache_events': 'False', 'write_json': 'True', 'partial_parse': 'True', 'cache_selected_only': 'False', 'warn_error': 'None', 'debug': 'False', 'version_check': 'True', 'log_path': 'logs', 'profiles_dir': 'C:\\Users\\mmois\\.dbt', 'fail_fast': 'False', 'use_colors': 'True', 'use_experimental_parser': 'False', 'empty': 'None', 'quiet': 'False', 'no_print': 'None', 'log_format': 'default', 'invocation_command': 'dbt init news_project', 'warn_error_options': 'WarnErrorOptions(include=[], exclude=[])', 'static_parser': 'True', 'target_path': 'None', 'introspect': 'True', 'send_anonymous_usage_stats': 'True'}
[0m18:13:21.918288 [warn ] [MainThread]: [ConfigFolderDirectory]: Unable to parse logging event dictionary. Failed to parse dir field: expected string or bytes-like object, got 'WindowsPath'.. Dictionary: {'dir': WindowsPath('C:/Users/mmois/.dbt')}
[0m18:13:21.918288 [info ] [MainThread]: Creating dbt configuration folder at 
[0m18:13:21.922288 [debug] [MainThread]: Starter project path: C:\Users\mmois\Documents\Github\news-dashboard\newsenv\Lib\site-packages\dbt\include\starter_project
[0m18:13:21.950804 [info ] [MainThread]: 
Your new dbt project "news_project" was created!

For more information on how to configure the profiles.yml file,
please consult the dbt documentation here:

  https://docs.getdbt.com/docs/configure-your-profile

One more thing:

Need help? Don't hesitate to reach out to us via GitHub issues or on Slack:

  https://community.getdbt.com/

Happy modeling!

[0m18:13:21.951804 [info ] [MainThread]: Setting up your profile.
[0m18:15:16.513309 [info ] [MainThread]: Profile news_project written to C:\Users\mmois\.dbt\profiles.yml using target's profile_template.yml and your supplied values. Run 'dbt debug' to validate the connection.
[0m18:15:16.514310 [debug] [MainThread]: Command `dbt init` succeeded at 18:15:16.514310 after 114.72 seconds
[0m18:15:16.515309 [debug] [MainThread]: Sending event: {'category': 'dbt', 'action': 'invocation', 'label': 'end', 'context': [<snowplow_tracker.self_describing_json.SelfDescribingJson object at 0x000001A0B2AEC750>, <snowplow_tracker.self_describing_json.SelfDescribingJson object at 0x000001A0B29264D0>, <snowplow_tracker.self_describing_json.SelfDescribingJson object at 0x000001A0B2926410>]}
[0m18:15:16.515309 [debug] [MainThread]: Flushing usage events
[0m18:25:55.447858 [debug] [MainThread]: Sending event: {'category': 'dbt', 'action': 'invocation', 'label': 'start', 'context': [<snowplow_tracker.self_describing_json.SelfDescribingJson object at 0x000002446CCB9890>, <snowplow_tracker.self_describing_json.SelfDescribingJson object at 0x000002446B43A9D0>, <snowplow_tracker.self_describing_json.SelfDescribingJson object at 0x000002446CD12550>]}


============================== 18:25:55.450858 | e3793cce-9118-4cc8-951f-c2a664c2fa0e ==============================
[0m18:25:55.450858 [info ] [MainThread]: Running with dbt=1.8.9
[0m18:25:55.450858 [debug] [MainThread]: running dbt with arguments {'printer_width': '80', 'indirect_selection': 'eager', 'log_cache_events': 'False', 'write_json': 'True', 'partial_parse': 'True', 'cache_selected_only': 'False', 'warn_error': 'None', 'fail_fast': 'False', 'debug': 'False', 'log_path': 'logs', 'version_check': 'True', 'profiles_dir': 'C:\\Users\\mmois\\.dbt', 'use_colors': 'True', 'use_experimental_parser': 'False', 'empty': 'None', 'quiet': 'False', 'no_print': 'None', 'log_format': 'default', 'introspect': 'True', 'invocation_command': 'dbt debug --config-dir', 'static_parser': 'True', 'target_path': 'None', 'warn_error_options': 'WarnErrorOptions(include=[], exclude=[])', 'send_anonymous_usage_stats': 'True'}
[0m18:25:55.466858 [info ] [MainThread]: To view your profiles.yml file, run:

start C:\Users\mmois\.dbt
[0m18:25:55.467858 [debug] [MainThread]: Command `dbt debug` succeeded at 18:25:55.467858 after 0.07 seconds
[0m18:25:55.467858 [debug] [MainThread]: Sending event: {'category': 'dbt', 'action': 'invocation', 'label': 'end', 'context': [<snowplow_tracker.self_describing_json.SelfDescribingJson object at 0x00000244672264D0>, <snowplow_tracker.self_describing_json.SelfDescribingJson object at 0x000002446CD41D50>, <snowplow_tracker.self_describing_json.SelfDescribingJson object at 0x000002446763D610>]}
[0m18:25:55.468858 [debug] [MainThread]: Flushing usage events
[0m18:38:14.026384 [debug] [MainThread]: Sending event: {'category': 'dbt', 'action': 'invocation', 'label': 'start', 'context': [<snowplow_tracker.self_describing_json.SelfDescribingJson object at 0x0000020197117750>, <snowplow_tracker.self_describing_json.SelfDescribingJson object at 0x0000020197116910>, <snowplow_tracker.self_describing_json.SelfDescribingJson object at 0x00000201971176D0>]}


============================== 18:38:14.029888 | c55d874f-03d9-41f6-958e-f5ba99bc51db ==============================
[0m18:38:14.029888 [info ] [MainThread]: Running with dbt=1.8.9
[0m18:38:14.029888 [debug] [MainThread]: running dbt with arguments {'printer_width': '80', 'indirect_selection': 'eager', 'log_cache_events': 'False', 'write_json': 'True', 'partial_parse': 'True', 'cache_selected_only': 'False', 'profiles_dir': 'C:\\Users\\mmois\\.dbt', 'debug': 'False', 'version_check': 'True', 'log_path': 'logs', 'fail_fast': 'False', 'warn_error': 'None', 'use_colors': 'True', 'use_experimental_parser': 'False', 'no_print': 'None', 'quiet': 'False', 'empty': 'False', 'log_format': 'default', 'static_parser': 'True', 'warn_error_options': 'WarnErrorOptions(include=[], exclude=[])', 'introspect': 'True', 'target_path': 'None', 'invocation_command': 'dbt run', 'send_anonymous_usage_stats': 'True'}
[0m18:38:14.030891 [error] [MainThread]: Encountered an error:
Runtime Error
  No dbt_project.yml found at expected path C:\Users\mmois\Documents\Github\news-dashboard\dbt_project.yml
  Verify that each entry within packages.yml (and their transitive dependencies) contains a file named dbt_project.yml
  
[0m18:38:14.031891 [debug] [MainThread]: Command `dbt run` failed at 18:38:14.031891 after 0.06 seconds
[0m18:38:14.031891 [debug] [MainThread]: Sending event: {'category': 'dbt', 'action': 'invocation', 'label': 'end', 'context': [<snowplow_tracker.self_describing_json.SelfDescribingJson object at 0x0000020191626490>, <snowplow_tracker.self_describing_json.SelfDescribingJson object at 0x0000020196E94610>, <snowplow_tracker.self_describing_json.SelfDescribingJson object at 0x00000201970BA090>]}
[0m18:38:14.031891 [debug] [MainThread]: Flushing usage events
